#
# There is insufficient memory for the Java Runtime Environment to continue.
# Native memory allocation (mmap) failed to map 268435456 bytes for Failed to commit area from 0x0000000701c00000 to 0x0000000711c00000 of length 268435456.
# Possible reasons:
#   The system is out of physical RAM or swap space
#   The process is running with CompressedOops enabled, and the Java Heap may be blocking the growth of the native heap
# Possible solutions:
#   Reduce memory load on the system
#   Increase physical memory or swap space
#   Check if swap backing store is full
#   Decrease Java heap size (-Xmx/-Xms)
#   Decrease number of Java threads
#   Decrease Java thread stack sizes (-Xss)
#   Set larger code cache with -XX:ReservedCodeCacheSize=
# This output file may be truncated or incomplete.
#
#  Out of Memory Error (c:/BuildAgent/work/64e6ab55ab19e5a9/src/hotspot/os/windows/os_windows.cpp:3272), pid=23688, tid=30232
#
# JRE version:  (11.0.2+9) (build )
# Java VM: OpenJDK 64-Bit Server VM (11.0.2+9-b159.56, mixed mode, aot, sharing, tiered, compressed oops, g1 gc, windows-amd64)
# No core dump will be written. Minidumps are not enabled by default on client versions of Windows
#

---------------  S U M M A R Y ------------

Command Line: org.jetbrains.git4idea.http.GitAskPassApp Username for 'https://github.com': 

Host: Intel(R) Core(TM) i5-6500 CPU @ 3.20GHz, 4 cores, 15G,  Windows 10 , 64 bit Build 17763 (10.0.17763.475)
Time: Sat Aug  3 17:49:03 2019 ?D1¨²¡À¨º¡Á?¨º¡À?? elapsed time: 0 seconds (0d 0h 0m 0s)

---------------  T H R E A D  ---------------

Current thread (0x000001811b758800):  JavaThread "Unknown thread" [_thread_in_vm, id=30232, stack(0x00000038c2f00000,0x00000038c3000000)]

Stack: [0x00000038c2f00000,0x00000038c3000000]
Native frames: (J=compiled Java code, j=interpreted, Vv=VM code, C=native code)
V  [jvm.dll+0x5da82a]
V  [jvm.dll+0x70b6c9]
V  [jvm.dll+0x70cbe8]
V  [jvm.dll+0x70d2b3]
V  [jvm.dll+0x240f18]
V  [jvm.dll+0x5d7fc4]
V  [jvm.dll+0x5cd115]
V  [jvm.dll+0x2fa5eb]
V  [jvm.dll+0x2fa55a]
V  [jvm.dll+0x2fa432]
V  [jvm.dll+0x2ff316]
V  [jvm.dll+0x347993]
V  [jvm.dll+0x348096]
V  [jvm.dll+0x347a93]
V  [jvm.dll+0x2d5588]
V  [jvm.dll+0x2d66c7]
V  [jvm.dll+0x6eaac7]
V  [jvm.dll+0x6ec22c]
V  [jvm.dll+0x3551c9]
V  [jvm.dll+0x6d274e]
V  [jvm.dll+0x3bd953]
V  [jvm.dll+0x3bfcc1]
C  [java.exe+0x3763]
C  [java.exe+0x17a0c]
C  [KERNEL32.DLL+0x17974]
C  [ntdll.dll+0x6a271]


---------------  P R O C E S S  ---------------

Threads class SMR info:
_java_thread_list=0x0000018119eb96b0, length=0, elements={
}

Java Threads: ( => current thread )

Other Threads:
  0x000001811b771000 GCTaskThread "GC Thread#0" [stack: 0x00000038c3000000,0x00000038c3100000] [id=2480]
  0x000001811b7cb800 ConcurrentGCThread "G1 Main Marker" [stack: 0x00000038c3100000,0x00000038c3200000] [id=19948]
  0x000001811b7cd000 ConcurrentGCThread "G1 Conc#0" [stack: 0x00000038c3200000,0x00000038c3300000] [id=16608]

[error occurred during error reporting (printing all threads), id 0xc0000005, EXCEPTION_ACCESS_VIOLATION (0xc0000005) at pc=0x00007ffb92865687]

VM state:not at safepoint (not fully initialized)

VM Mutex/Monitor currently owned by a thread:  ([mutex/lock_event])
[0x000001811b7546e0] Heap_lock - owner thread: 0x000001811b758800

Heap address: 0x0000000701c00000, size: 4068 MB, Compressed Oops mode: Non-zero based: 0x0000000701c00000
Narrow klass base: 0x0000000000000000, Narrow klass shift: 0

GC Heap History (0 events):
No events

Deoptimization events (0 events):
No events

Classes redefined (0 events):
No events

Internal exceptions (0 events):
No events

Events (0 events):
No events


Dynamic libraries:
0x00007ff79f060000 - 0x00007ff79f0a7000 	C:\Program Files\JetBrains\PyCharm 2019.1.2\jre64\bin\java.exe
0x00007ffbc9de0000 - 0x00007ffbc9fcd000 	C:\WINDOWS\SYSTEM32\ntdll.dll
0x00007ffbc7e30000 - 0x00007ffbc7ee3000 	C:\WINDOWS\System32\KERNEL32.DLL
0x00007ffbc6d70000 - 0x00007ffbc7003000 	C:\WINDOWS\System32\KERNELBASE.dll
0x00007ffbc7890000 - 0x00007ffbc7a27000 	C:\WINDOWS\System32\USER32.dll
0x00007ffbc6c60000 - 0x00007ffbc6c80000 	C:\WINDOWS\System32\win32u.dll
0x00007ffbc9940000 - 0x00007ffbc9969000 	C:\WINDOWS\System32\GDI32.dll
0x00007ffbc5fb0000 - 0x00007ffbc6149000 	C:\WINDOWS\System32\gdi32full.dll
0x00007ffbc6c80000 - 0x00007ffbc6d20000 	C:\WINDOWS\System32\msvcp_win.dll
0x00007ffbc5eb0000 - 0x00007ffbc5faa000 	C:\WINDOWS\System32\ucrtbase.dll
0x00007ffbb8650000 - 0x00007ffbb88c9000 	C:\WINDOWS\WinSxS\amd64_microsoft.windows.common-controls_6595b64144ccf1df_6.0.17763.615_none_05b4414a072024d4\COMCTL32.dll
0x00007ffbc7d90000 - 0x00007ffbc7e2e000 	C:\WINDOWS\System32\msvcrt.dll
0x00007ffbc9a20000 - 0x00007ffbc9d4c000 	C:\WINDOWS\System32\combase.dll
0x00007ffbc7f20000 - 0x00007ffbc8042000 	C:\WINDOWS\System32\RPCRT4.dll
0x00007ffbc6150000 - 0x00007ffbc61ce000 	C:\WINDOWS\System32\bcryptPrimitives.dll
0x00007ffbc9900000 - 0x00007ffbc992e000 	C:\WINDOWS\System32\IMM32.DLL
0x00007ffbbd030000 - 0x00007ffbbd047000 	C:\Program Files\JetBrains\PyCharm 2019.1.2\jre64\bin\vcruntime140.dll
0x00007ffb8b350000 - 0x00007ffb8b3ed000 	C:\Program Files\JetBrains\PyCharm 2019.1.2\jre64\bin\msvcp140.dll
0x00007ffb92580000 - 0x00007ffb93036000 	C:\Program Files\JetBrains\PyCharm 2019.1.2\jre64\bin\server\jvm.dll
0x00007ffbc9970000 - 0x00007ffbc9a13000 	C:\WINDOWS\System32\ADVAPI32.dll
0x00007ffbc8120000 - 0x00007ffbc81be000 	C:\WINDOWS\System32\sechost.dll
0x00007ffbc7f10000 - 0x00007ffbc7f18000 	C:\WINDOWS\System32\PSAPI.DLL
0x00007ffbc3f30000 - 0x00007ffbc3f54000 	C:\WINDOWS\SYSTEM32\WINMM.dll
0x00007ffbb52f0000 - 0x00007ffbb52f9000 	C:\WINDOWS\SYSTEM32\WSOCK32.dll
0x00007ffbc8320000 - 0x00007ffbc838d000 	C:\WINDOWS\System32\WS2_32.dll
0x00007ffbbc2e0000 - 0x00007ffbbc2ea000 	C:\WINDOWS\SYSTEM32\VERSION.dll
0x00007ffbc3f00000 - 0x00007ffbc3f2d000 	C:\WINDOWS\SYSTEM32\winmmbase.dll
0x00007ffbc6c10000 - 0x00007ffbc6c5a000 	C:\WINDOWS\System32\cfgmgr32.dll
0x00007ffbc5de0000 - 0x00007ffbc5df1000 	C:\WINDOWS\System32\kernel.appcore.dll
0x00007ffbb8ba0000 - 0x00007ffbb8bb1000 	C:\Program Files\JetBrains\PyCharm 2019.1.2\jre64\bin\verify.dll
0x00007ffbb4ad0000 - 0x00007ffbb4cbd000 	C:\WINDOWS\SYSTEM32\DBGHELP.DLL
0x00007ffbb5140000 - 0x00007ffbb516a000 	C:\WINDOWS\SYSTEM32\dbgcore.DLL
0x00007ffbb7000000 - 0x00007ffbb7029000 	C:\Program Files\JetBrains\PyCharm 2019.1.2\jre64\bin\java.dll
0x00007ffbb88d0000 - 0x00007ffbb88e7000 	C:\Program Files\JetBrains\PyCharm 2019.1.2\jre64\bin\zip.dll
0x00007ffbc2270000 - 0x00007ffbc227b000 	C:\Program Files\JetBrains\PyCharm 2019.1.2\jre64\bin\jimage.dll

dbghelp: loaded successfully - version: 4.0.5 - missing functions: none
symbol engine: initialized successfully - sym options: 0x614 - pdb path: .;C:\Program Files\JetBrains\PyCharm 2019.1.2\jre64\bin;C:\WINDOWS\SYSTEM32;C:\WINDOWS\WinSxS\amd64_microsoft.windows.common-controls_6595b64144ccf1df_6.0.17763.615_none_05b4414a072024d4;C:\Program Files\JetBrains\PyCharm 2019.1.2\jre64\bin\server

VM Arguments:
java_command: org.jetbrains.git4idea.http.GitAskPassApp Username for 'https://github.com': 
java_class_path (initial): C:/Program Files/JetBrains/PyCharm 2019.1.2/plugins/git4idea/lib/git4idea-rt.jar;C:/Program Files/JetBrains/PyCharm 2019.1.2/lib/xmlrpc-2.0.1.jar;C:/Program Files/JetBrains/PyCharm 2019.1.2/lib/commons-codec-1.10.jar;C:/Program Files/JetBrains/PyCharm 2019.1.2/lib/util.jar
Launcher Type: SUN_STANDARD

[Global flags]
     intx CICompilerCount                          = 3                                         {product} {ergonomic}
     uint ConcGCThreads                            = 1                                         {product} {ergonomic}
     uint G1ConcRefinementThreads                  = 4                                         {product} {ergonomic}
   size_t G1HeapRegionSize                         = 1048576                                   {product} {ergonomic}
    uintx GCDrainStackTargetSize                   = 64                                        {product} {ergonomic}
   size_t InitialHeapSize                          = 268435456                                 {product} {ergonomic}
   size_t MarkStackSize                            = 4194304                                   {product} {ergonomic}
   size_t MaxHeapSize                              = 4265607168                                {product} {ergonomic}
   size_t MinHeapDeltaBytes                        = 1048576                                   {product} {ergonomic}
    uintx NonNMethodCodeHeapSize                   = 5830092                                {pd product} {ergonomic}
    uintx NonProfiledCodeHeapSize                  = 122914074                              {pd product} {ergonomic}
    uintx ProfiledCodeHeapSize                     = 122914074                              {pd product} {ergonomic}
    uintx ReservedCodeCacheSize                    = 251658240                              {pd product} {ergonomic}
     bool SegmentedCodeCache                       = true                                      {product} {ergonomic}
     bool UseCompressedClassPointers               = true                                 {lp64_product} {ergonomic}
     bool UseCompressedOops                        = true                                 {lp64_product} {ergonomic}
     bool UseG1GC                                  = true                                      {product} {ergonomic}
     bool UseLargePagesIndividualAllocation        = false                                  {pd product} {ergonomic}

Logging:
Log output configuration:
 #0: stdout all=warning uptime,level,tags
 #1: stderr all=off uptime,level,tags

Environment Variables:
JAVA_HOME=D:\Java\jdk1.8
CLASSPATH=.;D:\Java\jdk1.8\lib\dt.jar;D:\Java\jdk1.8\lib\tools.jar;
PATH=D:/Program Files/Git/mingw64/libexec/git-core;D:/Program Files/Git/mingw64/libexec/git-core;D:\Program Files\Git\mingw64\bin;D:\Program Files\Git\usr\bin;C:\Users\HASEE\bin;D:\Program Files (x86)\NetSarang\Xshell 6\;C:\Program Files (x86)\Common Files\Oracle\Java\javapath;D:\Program Files\Python36\Scripts\;D:\Program Files\Python36\;D:\Program Files (x86)\Python36-32\Scripts\;D:\Program Files (x86)\Python36-32\;C:\ProgramData\Oracle\Java\javapath;C:\WINDOWS\system32;C:\WINDOWS;C:\WINDOWS\System32\Wbem;C:\WINDOWS\System32\WindowsPowerShell\v1.0\;C:\Program Files\TortoiseSVN\bin;D:\tools\apache-maven-3.5.0\bin;D:\Java\jdk1.8\bin;D:\tools\gradle-4.1\bin;D:\tools\mysql-5.6.37-winx64\bin;D:\xampp\php;D:\xampp\php\ext;D:\Program Files\nodejs\;D:\tools\phantomjs-2.1.1-windows\bin;D:\tools\hadoop-3.0.2\bin;C:\Program Files (x86)\Google\Chrome\Application;C:\WINDOWS\System32\OpenSSH\;D:\Program Files (x86)\ClockworkMod\Universal Adb Driver;D:\Program Files\Pandoc\;D:\Program Files\MiKTeX 2.9\miktex\bin\x64\;d:\Program Files\Git\cmd;D:\Program Files (x86)\Microsoft SQL Server\100\Tools\Binn\VSShell\Common7\IDE\;D:\Program Files (x86)\Microsoft SQL Server\100\Tools\Binn\;D:\Program Files\Microsoft SQL Server\100\Tools\Binn\;D:\Program Files (x86)\Microsoft SQL Server\100\DTS\Binn\;D:\Program Files\Microsoft SQL Server\100\DTS\Binn\;c:\Program Files (x86)\Microsoft Visual Studio 9.0\Common7\IDE\PrivateAssemblies\;D:\Go\bin;C:\Program Files (x86)\Google\Chrome\Application;D:\Program Files\Ruby24-x64\bin;d:\Program Files\Microsoft VS Code\bin;C:\Users\HASEE\AppData\Roaming\npm;C:\Users\HASEE\AppData\Local\Microsoft\WindowsApps;D:\Program Files\Fiddler;C:\Users\HASEE\AppData\Local\Microsoft\WindowsApps;D:\Program Files\Docker Toolbox;C:\Users\HASEE\go\bin;C:\Users\HASEE\AppData\Local\GitHubDesktop\bin
USERNAME=HASEE
DISPLAY=:0.0
OS=Windows_NT
PROCESSOR_IDENTIFIER=Intel64 Family 6 Model 94 Stepping 3, GenuineIntel



---------------  S Y S T E M  ---------------

OS: Windows 10 , 64 bit Build 17763 (10.0.17763.475)

CPU:total 4 (initial active 4) (4 cores per cpu, 1 threads per core) family 6 model 94 stepping 3, cmov, cx8, fxsr, mmx, sse, sse2, sse3, ssse3, sse4.1, sse4.2, popcnt, avx, avx2, aes, clmul, erms, rtm, 3dnowpref, lzcnt, tsc, tscinvbit, bmi1, bmi2, adx, fma

Memory: 4k page, system-wide physical 16270M (1426M free)
TotalPageFile size 34926M (AvailPageFile size 188M)
current process WorkingSet (physical memory assigned to process): 10M, peak: 10M
current process commit charge ("private bytes"): 52M, peak: 308M

vm_info: OpenJDK 64-Bit Server VM (11.0.2+9-b159.56) for windows-amd64 JRE (11.0.2+9-b159.56), built on Apr 30 2019 15:48:48 by "" with MS VC++ 14.0 (VS2015)

END.
